CRITICAL - 2023-06-11 08:58:25 --> Argument 3 passed to CodeIgniter\Router\RouteCollection::get() must be of the type array or null, string given, called in C:\Program Files\Ampps\www\gghv_cosmetic\app\Config\Routes.php on line 37
in SYSTEMPATH\Router\RouteCollection.php on line 915.
 1 APPPATH\Config\Routes.php(37): CodeIgniter\Router\RouteCollection->get()
 2 SYSTEMPATH\Router\RouteCollection.php(267): require('C:\\Program Files\\Ampps\\www\\gghv_cosmetic\\app\\Config\\Routes.php')
 3 SYSTEMPATH\CodeIgniter.php(802): CodeIgniter\Router\RouteCollection->loadRoutes()
 4 SYSTEMPATH\CodeIgniter.php(449): CodeIgniter\CodeIgniter->tryToRouteIt()
 5 SYSTEMPATH\CodeIgniter.php(368): CodeIgniter\CodeIgniter->handleRequest()
 6 FCPATH\index.php(67): CodeIgniter\CodeIgniter->run()
 7 SYSTEMPATH\Commands\Server\rewrite.php(47): require_once('C:\\Program Files\\Ampps\\www\\gghv_cosmetic\\public\\index.php')
CRITICAL - 2023-06-11 08:59:03 --> Class 'App' not found
in APPPATH\Views\admin\login.php on line 53.
 1 SYSTEMPATH\View\View.php(213): include()
 2 SYSTEMPATH\View\View.php(216): CodeIgniter\View\View->CodeIgniter\View\{closure}()
 3 SYSTEMPATH\Common.php(1184): CodeIgniter\View\View->render()
 4 APPPATH\Controllers\User.php(14): view()
 5 SYSTEMPATH\CodeIgniter.php(934): App\Controllers\User->index()
 6 SYSTEMPATH\CodeIgniter.php(499): CodeIgniter\CodeIgniter->runController()
 7 SYSTEMPATH\CodeIgniter.php(368): CodeIgniter\CodeIgniter->handleRequest()
 8 FCPATH\index.php(67): CodeIgniter\CodeIgniter->run()
 9 SYSTEMPATH\Commands\Server\rewrite.php(47): require_once('C:\\Program Files\\Ampps\\www\\gghv_cosmetic\\public\\index.php')
