CRITICAL - 2023-06-09 11:27:52 --> Invalid file: "home/index.php"
in SYSTEMPATH\Exceptions\FrameworkException.php on line 33.
 1 SYSTEMPATH\View\View.php(201): CodeIgniter\Exceptions\FrameworkException::forInvalidFile()
 2 SYSTEMPATH\Common.php(1184): CodeIgniter\View\View->render()
 3 APPPATH\Controllers\Home.php(17): view()
 4 SYSTEMPATH\CodeIgniter.php(934): App\Controllers\Home->index()
 5 SYSTEMPATH\CodeIgniter.php(499): CodeIgniter\CodeIgniter->runController()
 6 SYSTEMPATH\CodeIgniter.php(368): CodeIgniter\CodeIgniter->handleRequest()
 7 FCPATH\index.php(67): CodeIgniter\CodeIgniter->run()
CRITICAL - 2023-06-09 11:28:17 --> include(../default-content/slider.php): failed to open stream: No such file or directory
in APPPATH\Views\pages\home.php on line 6.
 1 APPPATH\Views\pages\home.php(6): CodeIgniter\Debug\Exceptions->errorHandler()
 2 APPPATH\Views\pages\home.php(6): include()
 3 SYSTEMPATH\View\View.php(213): include('C:\\Program Files\\Ampps\\www\\gghv_cosmetic\\app\\Views\\pages\\home.php')
 4 SYSTEMPATH\View\View.php(216): CodeIgniter\View\View->CodeIgniter\View\{closure}()
 5 SYSTEMPATH\Common.php(1184): CodeIgniter\View\View->render()
 6 APPPATH\Controllers\Home.php(17): view()
 7 SYSTEMPATH\CodeIgniter.php(934): App\Controllers\Home->index()
 8 SYSTEMPATH\CodeIgniter.php(499): CodeIgniter\CodeIgniter->runController()
 9 SYSTEMPATH\CodeIgniter.php(368): CodeIgniter\CodeIgniter->handleRequest()
10 FCPATH\index.php(67): CodeIgniter\CodeIgniter->run()
CRITICAL - 2023-06-09 11:29:45 --> include(../default-content/slider.php): failed to open stream: No such file or directory
in APPPATH\Views\pages\home.php on line 6.
 1 APPPATH\Views\pages\home.php(6): CodeIgniter\Debug\Exceptions->errorHandler()
 2 APPPATH\Views\pages\home.php(6): include()
 3 SYSTEMPATH\View\View.php(213): include('C:\\Program Files\\Ampps\\www\\gghv_cosmetic\\app\\Views\\pages\\home.php')
 4 SYSTEMPATH\View\View.php(216): CodeIgniter\View\View->CodeIgniter\View\{closure}()
 5 SYSTEMPATH\Common.php(1184): CodeIgniter\View\View->render()
 6 APPPATH\Controllers\Home.php(17): view()
 7 SYSTEMPATH\CodeIgniter.php(934): App\Controllers\Home->index()
 8 SYSTEMPATH\CodeIgniter.php(499): CodeIgniter\CodeIgniter->runController()
 9 SYSTEMPATH\CodeIgniter.php(368): CodeIgniter\CodeIgniter->handleRequest()
10 FCPATH\index.php(67): CodeIgniter\CodeIgniter->run()
CRITICAL - 2023-06-09 11:35:52 --> include(C:\Program Files\Ampps\www\gghv_cosmetic\app\../default-content/slider.php): failed to open stream: No such file or directory
in APPPATH\Views\pages\home.php on line 6.
 1 APPPATH\Views\pages\home.php(6): CodeIgniter\Debug\Exceptions->errorHandler()
 2 APPPATH\Views\pages\home.php(6): include()
 3 SYSTEMPATH\View\View.php(213): include('C:\\Program Files\\Ampps\\www\\gghv_cosmetic\\app\\Views\\pages\\home.php')
 4 SYSTEMPATH\View\View.php(216): CodeIgniter\View\View->CodeIgniter\View\{closure}()
 5 SYSTEMPATH\Common.php(1184): CodeIgniter\View\View->render()
 6 APPPATH\Controllers\Home.php(17): view()
 7 SYSTEMPATH\CodeIgniter.php(934): App\Controllers\Home->index()
 8 SYSTEMPATH\CodeIgniter.php(499): CodeIgniter\CodeIgniter->runController()
 9 SYSTEMPATH\CodeIgniter.php(368): CodeIgniter\CodeIgniter->handleRequest()
10 FCPATH\index.php(67): CodeIgniter\CodeIgniter->run()
CRITICAL - 2023-06-09 11:36:54 --> include(C:\Program Files\Ampps\www\gghv_cosmetic\app\/default-content/slider.php): failed to open stream: No such file or directory
in APPPATH\Views\pages\home.php on line 6.
 1 APPPATH\Views\pages\home.php(6): CodeIgniter\Debug\Exceptions->errorHandler()
 2 APPPATH\Views\pages\home.php(6): include()
 3 SYSTEMPATH\View\View.php(213): include('C:\\Program Files\\Ampps\\www\\gghv_cosmetic\\app\\Views\\pages\\home.php')
 4 SYSTEMPATH\View\View.php(216): CodeIgniter\View\View->CodeIgniter\View\{closure}()
 5 SYSTEMPATH\Common.php(1184): CodeIgniter\View\View->render()
 6 APPPATH\Controllers\Home.php(17): view()
 7 SYSTEMPATH\CodeIgniter.php(934): App\Controllers\Home->index()
 8 SYSTEMPATH\CodeIgniter.php(499): CodeIgniter\CodeIgniter->runController()
 9 SYSTEMPATH\CodeIgniter.php(368): CodeIgniter\CodeIgniter->handleRequest()
10 FCPATH\index.php(67): CodeIgniter\CodeIgniter->run()
CRITICAL - 2023-06-09 11:37:21 --> include(C:\Program Files\Ampps\www\gghv_cosmetic\app\../default-content/sale_banner.php): failed to open stream: No such file or directory
in APPPATH\Views\pages\home.php on line 11.
 1 APPPATH\Views\pages\home.php(11): CodeIgniter\Debug\Exceptions->errorHandler()
 2 APPPATH\Views\pages\home.php(11): include()
 3 SYSTEMPATH\View\View.php(213): include('C:\\Program Files\\Ampps\\www\\gghv_cosmetic\\app\\Views\\pages\\home.php')
 4 SYSTEMPATH\View\View.php(216): CodeIgniter\View\View->CodeIgniter\View\{closure}()
 5 SYSTEMPATH\Common.php(1184): CodeIgniter\View\View->render()
 6 APPPATH\Controllers\Home.php(17): view()
 7 SYSTEMPATH\CodeIgniter.php(934): App\Controllers\Home->index()
 8 SYSTEMPATH\CodeIgniter.php(499): CodeIgniter\CodeIgniter->runController()
 9 SYSTEMPATH\CodeIgniter.php(368): CodeIgniter\CodeIgniter->handleRequest()
10 FCPATH\index.php(67): CodeIgniter\CodeIgniter->run()
CRITICAL - 2023-06-09 11:37:55 --> include(C:\Program Files\Ampps\www\gghv_cosmetic\app\\Views\default-content\sale_banner.php): failed to open stream: No such file or directory
in APPPATH\Views\pages\home.php on line 11.
 1 APPPATH\Views\pages\home.php(11): CodeIgniter\Debug\Exceptions->errorHandler()
 2 APPPATH\Views\pages\home.php(11): include()
 3 SYSTEMPATH\View\View.php(213): include('C:\\Program Files\\Ampps\\www\\gghv_cosmetic\\app\\Views\\pages\\home.php')
 4 SYSTEMPATH\View\View.php(216): CodeIgniter\View\View->CodeIgniter\View\{closure}()
 5 SYSTEMPATH\Common.php(1184): CodeIgniter\View\View->render()
 6 APPPATH\Controllers\Home.php(17): view()
 7 SYSTEMPATH\CodeIgniter.php(934): App\Controllers\Home->index()
 8 SYSTEMPATH\CodeIgniter.php(499): CodeIgniter\CodeIgniter->runController()
 9 SYSTEMPATH\CodeIgniter.php(368): CodeIgniter\CodeIgniter->handleRequest()
10 FCPATH\index.php(67): CodeIgniter\CodeIgniter->run()
CRITICAL - 2023-06-09 11:37:56 --> include(C:\Program Files\Ampps\www\gghv_cosmetic\app\\Views\default-content\sale_banner.php): failed to open stream: No such file or directory
in APPPATH\Views\pages\home.php on line 11.
 1 APPPATH\Views\pages\home.php(11): CodeIgniter\Debug\Exceptions->errorHandler()
 2 APPPATH\Views\pages\home.php(11): include()
 3 SYSTEMPATH\View\View.php(213): include('C:\\Program Files\\Ampps\\www\\gghv_cosmetic\\app\\Views\\pages\\home.php')
 4 SYSTEMPATH\View\View.php(216): CodeIgniter\View\View->CodeIgniter\View\{closure}()
 5 SYSTEMPATH\Common.php(1184): CodeIgniter\View\View->render()
 6 APPPATH\Controllers\Home.php(17): view()
 7 SYSTEMPATH\CodeIgniter.php(934): App\Controllers\Home->index()
 8 SYSTEMPATH\CodeIgniter.php(499): CodeIgniter\CodeIgniter->runController()
 9 SYSTEMPATH\CodeIgniter.php(368): CodeIgniter\CodeIgniter->handleRequest()
10 FCPATH\index.php(67): CodeIgniter\CodeIgniter->run()
CRITICAL - 2023-06-09 11:38:12 --> include(C:\Program Files\Ampps\www\gghv_cosmetic\app\Views\default-content\sale_banner.php): failed to open stream: No such file or directory
in APPPATH\Views\pages\home.php on line 11.
 1 APPPATH\Views\pages\home.php(11): CodeIgniter\Debug\Exceptions->errorHandler()
 2 APPPATH\Views\pages\home.php(11): include()
 3 SYSTEMPATH\View\View.php(213): include('C:\\Program Files\\Ampps\\www\\gghv_cosmetic\\app\\Views\\pages\\home.php')
 4 SYSTEMPATH\View\View.php(216): CodeIgniter\View\View->CodeIgniter\View\{closure}()
 5 SYSTEMPATH\Common.php(1184): CodeIgniter\View\View->render()
 6 APPPATH\Controllers\Home.php(17): view()
 7 SYSTEMPATH\CodeIgniter.php(934): App\Controllers\Home->index()
 8 SYSTEMPATH\CodeIgniter.php(499): CodeIgniter\CodeIgniter->runController()
 9 SYSTEMPATH\CodeIgniter.php(368): CodeIgniter\CodeIgniter->handleRequest()
10 FCPATH\index.php(67): CodeIgniter\CodeIgniter->run()
CRITICAL - 2023-06-09 11:38:14 --> include(C:\Program Files\Ampps\www\gghv_cosmetic\app\Views\default-content\sale_banner.php): failed to open stream: No such file or directory
in APPPATH\Views\pages\home.php on line 11.
 1 APPPATH\Views\pages\home.php(11): CodeIgniter\Debug\Exceptions->errorHandler()
 2 APPPATH\Views\pages\home.php(11): include()
 3 SYSTEMPATH\View\View.php(213): include('C:\\Program Files\\Ampps\\www\\gghv_cosmetic\\app\\Views\\pages\\home.php')
 4 SYSTEMPATH\View\View.php(216): CodeIgniter\View\View->CodeIgniter\View\{closure}()
 5 SYSTEMPATH\Common.php(1184): CodeIgniter\View\View->render()
 6 APPPATH\Controllers\Home.php(17): view()
 7 SYSTEMPATH\CodeIgniter.php(934): App\Controllers\Home->index()
 8 SYSTEMPATH\CodeIgniter.php(499): CodeIgniter\CodeIgniter->runController()
 9 SYSTEMPATH\CodeIgniter.php(368): CodeIgniter\CodeIgniter->handleRequest()
10 FCPATH\index.php(67): CodeIgniter\CodeIgniter->run()
CRITICAL - 2023-06-09 11:38:14 --> include(C:\Program Files\Ampps\www\gghv_cosmetic\app\Views\default-content\sale_banner.php): failed to open stream: No such file or directory
in APPPATH\Views\pages\home.php on line 11.
 1 APPPATH\Views\pages\home.php(11): CodeIgniter\Debug\Exceptions->errorHandler()
 2 APPPATH\Views\pages\home.php(11): include()
 3 SYSTEMPATH\View\View.php(213): include('C:\\Program Files\\Ampps\\www\\gghv_cosmetic\\app\\Views\\pages\\home.php')
 4 SYSTEMPATH\View\View.php(216): CodeIgniter\View\View->CodeIgniter\View\{closure}()
 5 SYSTEMPATH\Common.php(1184): CodeIgniter\View\View->render()
 6 APPPATH\Controllers\Home.php(17): view()
 7 SYSTEMPATH\CodeIgniter.php(934): App\Controllers\Home->index()
 8 SYSTEMPATH\CodeIgniter.php(499): CodeIgniter\CodeIgniter->runController()
 9 SYSTEMPATH\CodeIgniter.php(368): CodeIgniter\CodeIgniter->handleRequest()
10 FCPATH\index.php(67): CodeIgniter\CodeIgniter->run()
CRITICAL - 2023-06-09 11:38:15 --> include(C:\Program Files\Ampps\www\gghv_cosmetic\app\Views\default-content\sale_banner.php): failed to open stream: No such file or directory
in APPPATH\Views\pages\home.php on line 11.
 1 APPPATH\Views\pages\home.php(11): CodeIgniter\Debug\Exceptions->errorHandler()
 2 APPPATH\Views\pages\home.php(11): include()
 3 SYSTEMPATH\View\View.php(213): include('C:\\Program Files\\Ampps\\www\\gghv_cosmetic\\app\\Views\\pages\\home.php')
 4 SYSTEMPATH\View\View.php(216): CodeIgniter\View\View->CodeIgniter\View\{closure}()
 5 SYSTEMPATH\Common.php(1184): CodeIgniter\View\View->render()
 6 APPPATH\Controllers\Home.php(17): view()
 7 SYSTEMPATH\CodeIgniter.php(934): App\Controllers\Home->index()
 8 SYSTEMPATH\CodeIgniter.php(499): CodeIgniter\CodeIgniter->runController()
 9 SYSTEMPATH\CodeIgniter.php(368): CodeIgniter\CodeIgniter->handleRequest()
10 FCPATH\index.php(67): CodeIgniter\CodeIgniter->run()
CRITICAL - 2023-06-09 11:38:32 --> include(C:\Program Files\Ampps\www\gghv_cosmetic\app\Views\default-content\sale_banner.php): failed to open stream: No such file or directory
in APPPATH\Views\pages\home.php on line 11.
 1 APPPATH\Views\pages\home.php(11): CodeIgniter\Debug\Exceptions->errorHandler()
 2 APPPATH\Views\pages\home.php(11): include()
 3 SYSTEMPATH\View\View.php(213): include('C:\\Program Files\\Ampps\\www\\gghv_cosmetic\\app\\Views\\pages\\home.php')
 4 SYSTEMPATH\View\View.php(216): CodeIgniter\View\View->CodeIgniter\View\{closure}()
 5 SYSTEMPATH\Common.php(1184): CodeIgniter\View\View->render()
 6 APPPATH\Controllers\Home.php(17): view()
 7 SYSTEMPATH\CodeIgniter.php(934): App\Controllers\Home->index()
 8 SYSTEMPATH\CodeIgniter.php(499): CodeIgniter\CodeIgniter->runController()
 9 SYSTEMPATH\CodeIgniter.php(368): CodeIgniter\CodeIgniter->handleRequest()
10 FCPATH\index.php(67): CodeIgniter\CodeIgniter->run()
CRITICAL - 2023-06-09 11:38:33 --> include(C:\Program Files\Ampps\www\gghv_cosmetic\app\Views\default-content\sale_banner.php): failed to open stream: No such file or directory
in APPPATH\Views\pages\home.php on line 11.
 1 APPPATH\Views\pages\home.php(11): CodeIgniter\Debug\Exceptions->errorHandler()
 2 APPPATH\Views\pages\home.php(11): include()
 3 SYSTEMPATH\View\View.php(213): include('C:\\Program Files\\Ampps\\www\\gghv_cosmetic\\app\\Views\\pages\\home.php')
 4 SYSTEMPATH\View\View.php(216): CodeIgniter\View\View->CodeIgniter\View\{closure}()
 5 SYSTEMPATH\Common.php(1184): CodeIgniter\View\View->render()
 6 APPPATH\Controllers\Home.php(17): view()
 7 SYSTEMPATH\CodeIgniter.php(934): App\Controllers\Home->index()
 8 SYSTEMPATH\CodeIgniter.php(499): CodeIgniter\CodeIgniter->runController()
 9 SYSTEMPATH\CodeIgniter.php(368): CodeIgniter\CodeIgniter->handleRequest()
10 FCPATH\index.php(67): CodeIgniter\CodeIgniter->run()
CRITICAL - 2023-06-09 11:38:33 --> include(C:\Program Files\Ampps\www\gghv_cosmetic\app\Views\default-content\sale_banner.php): failed to open stream: No such file or directory
in APPPATH\Views\pages\home.php on line 11.
 1 APPPATH\Views\pages\home.php(11): CodeIgniter\Debug\Exceptions->errorHandler()
 2 APPPATH\Views\pages\home.php(11): include()
 3 SYSTEMPATH\View\View.php(213): include('C:\\Program Files\\Ampps\\www\\gghv_cosmetic\\app\\Views\\pages\\home.php')
 4 SYSTEMPATH\View\View.php(216): CodeIgniter\View\View->CodeIgniter\View\{closure}()
 5 SYSTEMPATH\Common.php(1184): CodeIgniter\View\View->render()
 6 APPPATH\Controllers\Home.php(17): view()
 7 SYSTEMPATH\CodeIgniter.php(934): App\Controllers\Home->index()
 8 SYSTEMPATH\CodeIgniter.php(499): CodeIgniter\CodeIgniter->runController()
 9 SYSTEMPATH\CodeIgniter.php(368): CodeIgniter\CodeIgniter->handleRequest()
10 FCPATH\index.php(67): CodeIgniter\CodeIgniter->run()
CRITICAL - 2023-06-09 11:38:33 --> include(C:\Program Files\Ampps\www\gghv_cosmetic\app\Views\default-content\sale_banner.php): failed to open stream: No such file or directory
in APPPATH\Views\pages\home.php on line 11.
 1 APPPATH\Views\pages\home.php(11): CodeIgniter\Debug\Exceptions->errorHandler()
 2 APPPATH\Views\pages\home.php(11): include()
 3 SYSTEMPATH\View\View.php(213): include('C:\\Program Files\\Ampps\\www\\gghv_cosmetic\\app\\Views\\pages\\home.php')
 4 SYSTEMPATH\View\View.php(216): CodeIgniter\View\View->CodeIgniter\View\{closure}()
 5 SYSTEMPATH\Common.php(1184): CodeIgniter\View\View->render()
 6 APPPATH\Controllers\Home.php(17): view()
 7 SYSTEMPATH\CodeIgniter.php(934): App\Controllers\Home->index()
 8 SYSTEMPATH\CodeIgniter.php(499): CodeIgniter\CodeIgniter->runController()
 9 SYSTEMPATH\CodeIgniter.php(368): CodeIgniter\CodeIgniter->handleRequest()
10 FCPATH\index.php(67): CodeIgniter\CodeIgniter->run()
CRITICAL - 2023-06-09 11:38:34 --> include(C:\Program Files\Ampps\www\gghv_cosmetic\app\Views\default-content\sale_banner.php): failed to open stream: No such file or directory
in APPPATH\Views\pages\home.php on line 11.
 1 APPPATH\Views\pages\home.php(11): CodeIgniter\Debug\Exceptions->errorHandler()
 2 APPPATH\Views\pages\home.php(11): include()
 3 SYSTEMPATH\View\View.php(213): include('C:\\Program Files\\Ampps\\www\\gghv_cosmetic\\app\\Views\\pages\\home.php')
 4 SYSTEMPATH\View\View.php(216): CodeIgniter\View\View->CodeIgniter\View\{closure}()
 5 SYSTEMPATH\Common.php(1184): CodeIgniter\View\View->render()
 6 APPPATH\Controllers\Home.php(17): view()
 7 SYSTEMPATH\CodeIgniter.php(934): App\Controllers\Home->index()
 8 SYSTEMPATH\CodeIgniter.php(499): CodeIgniter\CodeIgniter->runController()
 9 SYSTEMPATH\CodeIgniter.php(368): CodeIgniter\CodeIgniter->handleRequest()
10 FCPATH\index.php(67): CodeIgniter\CodeIgniter->run()
CRITICAL - 2023-06-09 11:39:18 --> include(C:\Program Files\Ampps\www\gghv_cosmetic\app\../default-content/slider.php): failed to open stream: No such file or directory
in APPPATH\Views\pages\home.php on line 6.
 1 APPPATH\Views\pages\home.php(6): CodeIgniter\Debug\Exceptions->errorHandler()
 2 APPPATH\Views\pages\home.php(6): include()
 3 SYSTEMPATH\View\View.php(213): include('C:\\Program Files\\Ampps\\www\\gghv_cosmetic\\app\\Views\\pages\\home.php')
 4 SYSTEMPATH\View\View.php(216): CodeIgniter\View\View->CodeIgniter\View\{closure}()
 5 SYSTEMPATH\Common.php(1184): CodeIgniter\View\View->render()
 6 APPPATH\Controllers\Home.php(17): view()
 7 SYSTEMPATH\CodeIgniter.php(934): App\Controllers\Home->index()
 8 SYSTEMPATH\CodeIgniter.php(499): CodeIgniter\CodeIgniter->runController()
 9 SYSTEMPATH\CodeIgniter.php(368): CodeIgniter\CodeIgniter->handleRequest()
10 FCPATH\index.php(67): CodeIgniter\CodeIgniter->run()
CRITICAL - 2023-06-09 11:39:19 --> include(C:\Program Files\Ampps\www\gghv_cosmetic\app\../default-content/slider.php): failed to open stream: No such file or directory
in APPPATH\Views\pages\home.php on line 6.
 1 APPPATH\Views\pages\home.php(6): CodeIgniter\Debug\Exceptions->errorHandler()
 2 APPPATH\Views\pages\home.php(6): include()
 3 SYSTEMPATH\View\View.php(213): include('C:\\Program Files\\Ampps\\www\\gghv_cosmetic\\app\\Views\\pages\\home.php')
 4 SYSTEMPATH\View\View.php(216): CodeIgniter\View\View->CodeIgniter\View\{closure}()
 5 SYSTEMPATH\Common.php(1184): CodeIgniter\View\View->render()
 6 APPPATH\Controllers\Home.php(17): view()
 7 SYSTEMPATH\CodeIgniter.php(934): App\Controllers\Home->index()
 8 SYSTEMPATH\CodeIgniter.php(499): CodeIgniter\CodeIgniter->runController()
 9 SYSTEMPATH\CodeIgniter.php(368): CodeIgniter\CodeIgniter->handleRequest()
10 FCPATH\index.php(67): CodeIgniter\CodeIgniter->run()
CRITICAL - 2023-06-09 11:39:20 --> include(C:\Program Files\Ampps\www\gghv_cosmetic\app\../default-content/slider.php): failed to open stream: No such file or directory
in APPPATH\Views\pages\home.php on line 6.
 1 APPPATH\Views\pages\home.php(6): CodeIgniter\Debug\Exceptions->errorHandler()
 2 APPPATH\Views\pages\home.php(6): include()
 3 SYSTEMPATH\View\View.php(213): include('C:\\Program Files\\Ampps\\www\\gghv_cosmetic\\app\\Views\\pages\\home.php')
 4 SYSTEMPATH\View\View.php(216): CodeIgniter\View\View->CodeIgniter\View\{closure}()
 5 SYSTEMPATH\Common.php(1184): CodeIgniter\View\View->render()
 6 APPPATH\Controllers\Home.php(17): view()
 7 SYSTEMPATH\CodeIgniter.php(934): App\Controllers\Home->index()
 8 SYSTEMPATH\CodeIgniter.php(499): CodeIgniter\CodeIgniter->runController()
 9 SYSTEMPATH\CodeIgniter.php(368): CodeIgniter\CodeIgniter->handleRequest()
10 FCPATH\index.php(67): CodeIgniter\CodeIgniter->run()
CRITICAL - 2023-06-09 11:44:19 --> Undefined property: CodeIgniter\View\View::$load
in APPPATH\Views\pages\home.php on line 6.
 1 APPPATH\Views\pages\home.php(6): CodeIgniter\Debug\Exceptions->errorHandler()
 2 SYSTEMPATH\View\View.php(213): include('C:\\Program Files\\Ampps\\www\\gghv_cosmetic\\app\\Views\\pages\\home.php')
 3 SYSTEMPATH\View\View.php(216): CodeIgniter\View\View->CodeIgniter\View\{closure}()
 4 SYSTEMPATH\Common.php(1184): CodeIgniter\View\View->render()
 5 APPPATH\Controllers\Home.php(17): view()
 6 SYSTEMPATH\CodeIgniter.php(934): App\Controllers\Home->index()
 7 SYSTEMPATH\CodeIgniter.php(499): CodeIgniter\CodeIgniter->runController()
 8 SYSTEMPATH\CodeIgniter.php(368): CodeIgniter\CodeIgniter->handleRequest()
 9 FCPATH\index.php(67): CodeIgniter\CodeIgniter->run()
CRITICAL - 2023-06-09 11:44:20 --> Undefined property: CodeIgniter\View\View::$load
in APPPATH\Views\pages\home.php on line 6.
 1 APPPATH\Views\pages\home.php(6): CodeIgniter\Debug\Exceptions->errorHandler()
 2 SYSTEMPATH\View\View.php(213): include('C:\\Program Files\\Ampps\\www\\gghv_cosmetic\\app\\Views\\pages\\home.php')
 3 SYSTEMPATH\View\View.php(216): CodeIgniter\View\View->CodeIgniter\View\{closure}()
 4 SYSTEMPATH\Common.php(1184): CodeIgniter\View\View->render()
 5 APPPATH\Controllers\Home.php(17): view()
 6 SYSTEMPATH\CodeIgniter.php(934): App\Controllers\Home->index()
 7 SYSTEMPATH\CodeIgniter.php(499): CodeIgniter\CodeIgniter->runController()
 8 SYSTEMPATH\CodeIgniter.php(368): CodeIgniter\CodeIgniter->handleRequest()
 9 FCPATH\index.php(67): CodeIgniter\CodeIgniter->run()
CRITICAL - 2023-06-09 11:44:35 --> Undefined property: CodeIgniter\View\View::$load
in APPPATH\Views\pages\home.php on line 6.
 1 APPPATH\Views\pages\home.php(6): CodeIgniter\Debug\Exceptions->errorHandler()
 2 SYSTEMPATH\View\View.php(213): include('C:\\Program Files\\Ampps\\www\\gghv_cosmetic\\app\\Views\\pages\\home.php')
 3 SYSTEMPATH\View\View.php(216): CodeIgniter\View\View->CodeIgniter\View\{closure}()
 4 SYSTEMPATH\Common.php(1184): CodeIgniter\View\View->render()
 5 APPPATH\Controllers\Home.php(17): view()
 6 SYSTEMPATH\CodeIgniter.php(934): App\Controllers\Home->index()
 7 SYSTEMPATH\CodeIgniter.php(499): CodeIgniter\CodeIgniter->runController()
 8 SYSTEMPATH\CodeIgniter.php(368): CodeIgniter\CodeIgniter->handleRequest()
 9 FCPATH\index.php(67): CodeIgniter\CodeIgniter->run()
CRITICAL - 2023-06-09 11:44:36 --> Undefined property: CodeIgniter\View\View::$load
in APPPATH\Views\pages\home.php on line 6.
 1 APPPATH\Views\pages\home.php(6): CodeIgniter\Debug\Exceptions->errorHandler()
 2 SYSTEMPATH\View\View.php(213): include('C:\\Program Files\\Ampps\\www\\gghv_cosmetic\\app\\Views\\pages\\home.php')
 3 SYSTEMPATH\View\View.php(216): CodeIgniter\View\View->CodeIgniter\View\{closure}()
 4 SYSTEMPATH\Common.php(1184): CodeIgniter\View\View->render()
 5 APPPATH\Controllers\Home.php(17): view()
 6 SYSTEMPATH\CodeIgniter.php(934): App\Controllers\Home->index()
 7 SYSTEMPATH\CodeIgniter.php(499): CodeIgniter\CodeIgniter->runController()
 8 SYSTEMPATH\CodeIgniter.php(368): CodeIgniter\CodeIgniter->handleRequest()
 9 FCPATH\index.php(67): CodeIgniter\CodeIgniter->run()
CRITICAL - 2023-06-09 11:47:12 --> Undefined property: CodeIgniter\View\View::$load
in APPPATH\Views\pages\home.php on line 6.
 1 APPPATH\Views\pages\home.php(6): CodeIgniter\Debug\Exceptions->errorHandler()
 2 SYSTEMPATH\View\View.php(213): include('C:\\Program Files\\Ampps\\www\\gghv_cosmetic\\app\\Views\\pages\\home.php')
 3 SYSTEMPATH\View\View.php(216): CodeIgniter\View\View->CodeIgniter\View\{closure}()
 4 SYSTEMPATH\Common.php(1184): CodeIgniter\View\View->render()
 5 APPPATH\Controllers\Home.php(17): view()
 6 SYSTEMPATH\CodeIgniter.php(934): App\Controllers\Home->index()
 7 SYSTEMPATH\CodeIgniter.php(499): CodeIgniter\CodeIgniter->runController()
 8 SYSTEMPATH\CodeIgniter.php(368): CodeIgniter\CodeIgniter->handleRequest()
 9 FCPATH\index.php(67): CodeIgniter\CodeIgniter->run()
CRITICAL - 2023-06-09 11:47:13 --> Undefined property: CodeIgniter\View\View::$load
in APPPATH\Views\pages\home.php on line 6.
 1 APPPATH\Views\pages\home.php(6): CodeIgniter\Debug\Exceptions->errorHandler()
 2 SYSTEMPATH\View\View.php(213): include('C:\\Program Files\\Ampps\\www\\gghv_cosmetic\\app\\Views\\pages\\home.php')
 3 SYSTEMPATH\View\View.php(216): CodeIgniter\View\View->CodeIgniter\View\{closure}()
 4 SYSTEMPATH\Common.php(1184): CodeIgniter\View\View->render()
 5 APPPATH\Controllers\Home.php(17): view()
 6 SYSTEMPATH\CodeIgniter.php(934): App\Controllers\Home->index()
 7 SYSTEMPATH\CodeIgniter.php(499): CodeIgniter\CodeIgniter->runController()
 8 SYSTEMPATH\CodeIgniter.php(368): CodeIgniter\CodeIgniter->handleRequest()
 9 FCPATH\index.php(67): CodeIgniter\CodeIgniter->run()
CRITICAL - 2023-06-09 11:47:14 --> Undefined property: CodeIgniter\View\View::$load
in APPPATH\Views\pages\home.php on line 6.
 1 APPPATH\Views\pages\home.php(6): CodeIgniter\Debug\Exceptions->errorHandler()
 2 SYSTEMPATH\View\View.php(213): include('C:\\Program Files\\Ampps\\www\\gghv_cosmetic\\app\\Views\\pages\\home.php')
 3 SYSTEMPATH\View\View.php(216): CodeIgniter\View\View->CodeIgniter\View\{closure}()
 4 SYSTEMPATH\Common.php(1184): CodeIgniter\View\View->render()
 5 APPPATH\Controllers\Home.php(17): view()
 6 SYSTEMPATH\CodeIgniter.php(934): App\Controllers\Home->index()
 7 SYSTEMPATH\CodeIgniter.php(499): CodeIgniter\CodeIgniter->runController()
 8 SYSTEMPATH\CodeIgniter.php(368): CodeIgniter\CodeIgniter->handleRequest()
 9 FCPATH\index.php(67): CodeIgniter\CodeIgniter->run()
CRITICAL - 2023-06-09 11:47:14 --> Undefined property: CodeIgniter\View\View::$load
in APPPATH\Views\pages\home.php on line 6.
 1 APPPATH\Views\pages\home.php(6): CodeIgniter\Debug\Exceptions->errorHandler()
 2 SYSTEMPATH\View\View.php(213): include('C:\\Program Files\\Ampps\\www\\gghv_cosmetic\\app\\Views\\pages\\home.php')
 3 SYSTEMPATH\View\View.php(216): CodeIgniter\View\View->CodeIgniter\View\{closure}()
 4 SYSTEMPATH\Common.php(1184): CodeIgniter\View\View->render()
 5 APPPATH\Controllers\Home.php(17): view()
 6 SYSTEMPATH\CodeIgniter.php(934): App\Controllers\Home->index()
 7 SYSTEMPATH\CodeIgniter.php(499): CodeIgniter\CodeIgniter->runController()
 8 SYSTEMPATH\CodeIgniter.php(368): CodeIgniter\CodeIgniter->handleRequest()
 9 FCPATH\index.php(67): CodeIgniter\CodeIgniter->run()
CRITICAL - 2023-06-09 11:47:14 --> Undefined property: CodeIgniter\View\View::$load
in APPPATH\Views\pages\home.php on line 6.
 1 APPPATH\Views\pages\home.php(6): CodeIgniter\Debug\Exceptions->errorHandler()
 2 SYSTEMPATH\View\View.php(213): include('C:\\Program Files\\Ampps\\www\\gghv_cosmetic\\app\\Views\\pages\\home.php')
 3 SYSTEMPATH\View\View.php(216): CodeIgniter\View\View->CodeIgniter\View\{closure}()
 4 SYSTEMPATH\Common.php(1184): CodeIgniter\View\View->render()
 5 APPPATH\Controllers\Home.php(17): view()
 6 SYSTEMPATH\CodeIgniter.php(934): App\Controllers\Home->index()
 7 SYSTEMPATH\CodeIgniter.php(499): CodeIgniter\CodeIgniter->runController()
 8 SYSTEMPATH\CodeIgniter.php(368): CodeIgniter\CodeIgniter->handleRequest()
 9 FCPATH\index.php(67): CodeIgniter\CodeIgniter->run()
CRITICAL - 2023-06-09 11:47:14 --> Undefined property: CodeIgniter\View\View::$load
in APPPATH\Views\pages\home.php on line 6.
 1 APPPATH\Views\pages\home.php(6): CodeIgniter\Debug\Exceptions->errorHandler()
 2 SYSTEMPATH\View\View.php(213): include('C:\\Program Files\\Ampps\\www\\gghv_cosmetic\\app\\Views\\pages\\home.php')
 3 SYSTEMPATH\View\View.php(216): CodeIgniter\View\View->CodeIgniter\View\{closure}()
 4 SYSTEMPATH\Common.php(1184): CodeIgniter\View\View->render()
 5 APPPATH\Controllers\Home.php(17): view()
 6 SYSTEMPATH\CodeIgniter.php(934): App\Controllers\Home->index()
 7 SYSTEMPATH\CodeIgniter.php(499): CodeIgniter\CodeIgniter->runController()
 8 SYSTEMPATH\CodeIgniter.php(368): CodeIgniter\CodeIgniter->handleRequest()
 9 FCPATH\index.php(67): CodeIgniter\CodeIgniter->run()
CRITICAL - 2023-06-09 11:47:14 --> Undefined property: CodeIgniter\View\View::$load
in APPPATH\Views\pages\home.php on line 6.
 1 APPPATH\Views\pages\home.php(6): CodeIgniter\Debug\Exceptions->errorHandler()
 2 SYSTEMPATH\View\View.php(213): include('C:\\Program Files\\Ampps\\www\\gghv_cosmetic\\app\\Views\\pages\\home.php')
 3 SYSTEMPATH\View\View.php(216): CodeIgniter\View\View->CodeIgniter\View\{closure}()
 4 SYSTEMPATH\Common.php(1184): CodeIgniter\View\View->render()
 5 APPPATH\Controllers\Home.php(17): view()
 6 SYSTEMPATH\CodeIgniter.php(934): App\Controllers\Home->index()
 7 SYSTEMPATH\CodeIgniter.php(499): CodeIgniter\CodeIgniter->runController()
 8 SYSTEMPATH\CodeIgniter.php(368): CodeIgniter\CodeIgniter->handleRequest()
 9 FCPATH\index.php(67): CodeIgniter\CodeIgniter->run()
CRITICAL - 2023-06-09 11:47:15 --> Undefined property: CodeIgniter\View\View::$load
in APPPATH\Views\pages\home.php on line 6.
 1 APPPATH\Views\pages\home.php(6): CodeIgniter\Debug\Exceptions->errorHandler()
 2 SYSTEMPATH\View\View.php(213): include('C:\\Program Files\\Ampps\\www\\gghv_cosmetic\\app\\Views\\pages\\home.php')
 3 SYSTEMPATH\View\View.php(216): CodeIgniter\View\View->CodeIgniter\View\{closure}()
 4 SYSTEMPATH\Common.php(1184): CodeIgniter\View\View->render()
 5 APPPATH\Controllers\Home.php(17): view()
 6 SYSTEMPATH\CodeIgniter.php(934): App\Controllers\Home->index()
 7 SYSTEMPATH\CodeIgniter.php(499): CodeIgniter\CodeIgniter->runController()
 8 SYSTEMPATH\CodeIgniter.php(368): CodeIgniter\CodeIgniter->handleRequest()
 9 FCPATH\index.php(67): CodeIgniter\CodeIgniter->run()
CRITICAL - 2023-06-09 11:47:40 --> Undefined property: CodeIgniter\View\View::$load
in APPPATH\Views\pages\home.php on line 6.
 1 APPPATH\Views\pages\home.php(6): CodeIgniter\Debug\Exceptions->errorHandler()
 2 SYSTEMPATH\View\View.php(213): include('C:\\Program Files\\Ampps\\www\\gghv_cosmetic\\app\\Views\\pages\\home.php')
 3 SYSTEMPATH\View\View.php(216): CodeIgniter\View\View->CodeIgniter\View\{closure}()
 4 SYSTEMPATH\Common.php(1184): CodeIgniter\View\View->render()
 5 APPPATH\Controllers\Home.php(17): view()
 6 SYSTEMPATH\CodeIgniter.php(934): App\Controllers\Home->index()
 7 SYSTEMPATH\CodeIgniter.php(499): CodeIgniter\CodeIgniter->runController()
 8 SYSTEMPATH\CodeIgniter.php(368): CodeIgniter\CodeIgniter->handleRequest()
 9 FCPATH\index.php(67): CodeIgniter\CodeIgniter->run()
CRITICAL - 2023-06-09 11:47:40 --> Undefined property: CodeIgniter\View\View::$load
in APPPATH\Views\pages\home.php on line 6.
 1 APPPATH\Views\pages\home.php(6): CodeIgniter\Debug\Exceptions->errorHandler()
 2 SYSTEMPATH\View\View.php(213): include('C:\\Program Files\\Ampps\\www\\gghv_cosmetic\\app\\Views\\pages\\home.php')
 3 SYSTEMPATH\View\View.php(216): CodeIgniter\View\View->CodeIgniter\View\{closure}()
 4 SYSTEMPATH\Common.php(1184): CodeIgniter\View\View->render()
 5 APPPATH\Controllers\Home.php(17): view()
 6 SYSTEMPATH\CodeIgniter.php(934): App\Controllers\Home->index()
 7 SYSTEMPATH\CodeIgniter.php(499): CodeIgniter\CodeIgniter->runController()
 8 SYSTEMPATH\CodeIgniter.php(368): CodeIgniter\CodeIgniter->handleRequest()
 9 FCPATH\index.php(67): CodeIgniter\CodeIgniter->run()
CRITICAL - 2023-06-09 11:47:49 --> Undefined property: CodeIgniter\View\View::$load
in APPPATH\Views\pages\home.php on line 6.
 1 APPPATH\Views\pages\home.php(6): CodeIgniter\Debug\Exceptions->errorHandler()
 2 SYSTEMPATH\View\View.php(213): include('C:\\Program Files\\Ampps\\www\\gghv_cosmetic\\app\\Views\\pages\\home.php')
 3 SYSTEMPATH\View\View.php(216): CodeIgniter\View\View->CodeIgniter\View\{closure}()
 4 SYSTEMPATH\Common.php(1184): CodeIgniter\View\View->render()
 5 APPPATH\Controllers\Home.php(17): view()
 6 SYSTEMPATH\CodeIgniter.php(934): App\Controllers\Home->index()
 7 SYSTEMPATH\CodeIgniter.php(499): CodeIgniter\CodeIgniter->runController()
 8 SYSTEMPATH\CodeIgniter.php(368): CodeIgniter\CodeIgniter->handleRequest()
 9 FCPATH\index.php(67): CodeIgniter\CodeIgniter->run()
CRITICAL - 2023-06-09 11:47:49 --> Undefined property: CodeIgniter\View\View::$load
in APPPATH\Views\pages\home.php on line 6.
 1 APPPATH\Views\pages\home.php(6): CodeIgniter\Debug\Exceptions->errorHandler()
 2 SYSTEMPATH\View\View.php(213): include('C:\\Program Files\\Ampps\\www\\gghv_cosmetic\\app\\Views\\pages\\home.php')
 3 SYSTEMPATH\View\View.php(216): CodeIgniter\View\View->CodeIgniter\View\{closure}()
 4 SYSTEMPATH\Common.php(1184): CodeIgniter\View\View->render()
 5 APPPATH\Controllers\Home.php(17): view()
 6 SYSTEMPATH\CodeIgniter.php(934): App\Controllers\Home->index()
 7 SYSTEMPATH\CodeIgniter.php(499): CodeIgniter\CodeIgniter->runController()
 8 SYSTEMPATH\CodeIgniter.php(368): CodeIgniter\CodeIgniter->handleRequest()
 9 FCPATH\index.php(67): CodeIgniter\CodeIgniter->run()
CRITICAL - 2023-06-09 11:49:09 --> include_once(../default-content/slider.php): failed to open stream: No such file or directory
in APPPATH\Views\pages\home.php on line 2.
 1 APPPATH\Views\pages\home.php(2): CodeIgniter\Debug\Exceptions->errorHandler()
 2 APPPATH\Views\pages\home.php(2): include_once()
 3 SYSTEMPATH\View\View.php(213): include('C:\\Program Files\\Ampps\\www\\gghv_cosmetic\\app\\Views\\pages\\home.php')
 4 SYSTEMPATH\View\View.php(216): CodeIgniter\View\View->CodeIgniter\View\{closure}()
 5 SYSTEMPATH\Common.php(1184): CodeIgniter\View\View->render()
 6 APPPATH\Controllers\Home.php(17): view()
 7 SYSTEMPATH\CodeIgniter.php(934): App\Controllers\Home->index()
 8 SYSTEMPATH\CodeIgniter.php(499): CodeIgniter\CodeIgniter->runController()
 9 SYSTEMPATH\CodeIgniter.php(368): CodeIgniter\CodeIgniter->handleRequest()
10 FCPATH\index.php(67): CodeIgniter\CodeIgniter->run()
CRITICAL - 2023-06-09 12:04:28 --> Call to undefined method CodeIgniter\View\View::view()
in APPPATH\Views\default-content\slider.php on line 1.
 1 SYSTEMPATH\View\View.php(213): include()
 2 SYSTEMPATH\View\View.php(216): CodeIgniter\View\View->CodeIgniter\View\{closure}()
 3 SYSTEMPATH\Common.php(1184): CodeIgniter\View\View->render()
 4 APPPATH\Controllers\Home.php(17): view()
 5 SYSTEMPATH\CodeIgniter.php(934): App\Controllers\Home->index()
 6 SYSTEMPATH\CodeIgniter.php(499): CodeIgniter\CodeIgniter->runController()
 7 SYSTEMPATH\CodeIgniter.php(368): CodeIgniter\CodeIgniter->handleRequest()
 8 FCPATH\index.php(67): CodeIgniter\CodeIgniter->run()
ERROR - 2023-06-09 12:14:56 --> Error connecting to the database: mysqli_sql_exception: Unknown database 'gghv_cosmestic' in C:\Program Files\Ampps\www\gghv_cosmetic\vendor\codeigniter4\framework\system\Database\MySQLi\Connection.php:174
Stack trace:
#0 C:\Program Files\Ampps\www\gghv_cosmetic\vendor\codeigniter4\framework\system\Database\MySQLi\Connection.php(174): mysqli->real_connect()
#1 C:\Program Files\Ampps\www\gghv_cosmetic\vendor\codeigniter4\framework\system\Database\BaseConnection.php(391): CodeIgniter\Database\MySQLi\Connection->connect()
#2 C:\Program Files\Ampps\www\gghv_cosmetic\vendor\codeigniter4\framework\system\Database\BaseConnection.php(574): CodeIgniter\Database\BaseConnection->initialize()
#3 C:\Program Files\Ampps\www\gghv_cosmetic\vendor\codeigniter4\framework\system\Database\BaseBuilder.php(1616): CodeIgniter\Database\BaseConnection->query()
#4 C:\Program Files\Ampps\www\gghv_cosmetic\vendor\codeigniter4\framework\system\Model.php(241): CodeIgniter\Database\BaseBuilder->get()
#5 C:\Program Files\Ampps\www\gghv_cosmetic\vendor\codeigniter4\framework\system\BaseModel.php(618): CodeIgniter\Model->doFindAll()
#6 C:\Program Files\Ampps\www\gghv_cosmetic\app\Models\NewsModel.php(17): CodeIgniter\BaseModel->findAll()
#7 C:\Program Files\Ampps\www\gghv_cosmetic\app\Controllers\Home.php(12): App\Models\NewsModel->getNews()
#8 C:\Program Files\Ampps\www\gghv_cosmetic\vendor\codeigniter4\framework\system\CodeIgniter.php(934): App\Controllers\Home->index()
#9 C:\Program Files\Ampps\www\gghv_cosmetic\vendor\codeigniter4\framework\system\CodeIgniter.php(499): CodeIgniter\CodeIgniter->runController()
#10 C:\Program Files\Ampps\www\gghv_cosmetic\vendor\codeigniter4\framework\system\CodeIgniter.php(368): CodeIgniter\CodeIgniter->handleRequest()
#11 C:\Program Files\Ampps\www\gghv_cosmetic\public\index.php(67): CodeIgniter\CodeIgniter->run()
#12 {main}

Next CodeIgniter\Database\Exceptions\DatabaseException: Unknown database 'gghv_cosmestic' in C:\Program Files\Ampps\www\gghv_cosmetic\vendor\codeigniter4\framework\system\Database\MySQLi\Connection.php:218
Stack trace:
#0 C:\Program Files\Ampps\www\gghv_cosmetic\vendor\codeigniter4\framework\system\Database\BaseConnection.php(391): CodeIgniter\Database\MySQLi\Connection->connect()
#1 C:\Program Files\Ampps\www\gghv_cosmetic\vendor\codeigniter4\framework\system\Database\BaseConnection.php(574): CodeIgniter\Database\BaseConnection->initialize()
#2 C:\Program Files\Ampps\www\gghv_cosmetic\vendor\codeigniter4\framework\system\Database\BaseBuilder.php(1616): CodeIgniter\Database\BaseConnection->query()
#3 C:\Program Files\Ampps\www\gghv_cosmetic\vendor\codeigniter4\framework\system\Model.php(241): CodeIgniter\Database\BaseBuilder->get()
#4 C:\Program Files\Ampps\www\gghv_cosmetic\vendor\codeigniter4\framework\system\BaseModel.php(618): CodeIgniter\Model->doFindAll()
#5 C:\Program Files\Ampps\www\gghv_cosmetic\app\Models\NewsModel.php(17): CodeIgniter\BaseModel->findAll()
#6 C:\Program Files\Ampps\www\gghv_cosmetic\app\Controllers\Home.php(12): App\Models\NewsModel->getNews()
#7 C:\Program Files\Ampps\www\gghv_cosmetic\vendor\codeigniter4\framework\system\CodeIgniter.php(934): App\Controllers\Home->index()
#8 C:\Program Files\Ampps\www\gghv_cosmetic\vendor\codeigniter4\framework\system\CodeIgniter.php(499): CodeIgniter\CodeIgniter->runController()
#9 C:\Program Files\Ampps\www\gghv_cosmetic\vendor\codeigniter4\framework\system\CodeIgniter.php(368): CodeIgniter\CodeIgniter->handleRequest()
#10 C:\Program Files\Ampps\www\gghv_cosmetic\public\index.php(67): CodeIgniter\CodeIgniter->run()
#11 {main}
CRITICAL - 2023-06-09 12:14:56 --> Unable to connect to the database.
Main connection [MySQLi]: Unknown database 'gghv_cosmestic'
in SYSTEMPATH\Database\BaseConnection.php on line 427.
 1 SYSTEMPATH\Database\BaseConnection.php(574): CodeIgniter\Database\BaseConnection->initialize()
 2 SYSTEMPATH\Database\BaseBuilder.php(1616): CodeIgniter\Database\BaseConnection->query()
 3 SYSTEMPATH\Model.php(241): CodeIgniter\Database\BaseBuilder->get()
 4 SYSTEMPATH\BaseModel.php(618): CodeIgniter\Model->doFindAll()
 5 APPPATH\Models\NewsModel.php(17): CodeIgniter\BaseModel->findAll()
 6 APPPATH\Controllers\Home.php(12): App\Models\NewsModel->getNews()
 7 SYSTEMPATH\CodeIgniter.php(934): App\Controllers\Home->index()
 8 SYSTEMPATH\CodeIgniter.php(499): CodeIgniter\CodeIgniter->runController()
 9 SYSTEMPATH\CodeIgniter.php(368): CodeIgniter\CodeIgniter->handleRequest()
10 FCPATH\index.php(67): CodeIgniter\CodeIgniter->run()
ERROR - 2023-06-09 12:16:20 --> mysqli_sql_exception: Table 'gghv_cosmestic.news' doesn't exist in C:\Program Files\Ampps\www\gghv_cosmetic\vendor\codeigniter4\framework\system\Database\MySQLi\Connection.php:295
Stack trace:
#0 C:\Program Files\Ampps\www\gghv_cosmetic\vendor\codeigniter4\framework\system\Database\MySQLi\Connection.php(295): mysqli->query()
#1 C:\Program Files\Ampps\www\gghv_cosmetic\vendor\codeigniter4\framework\system\Database\BaseConnection.php(692): CodeIgniter\Database\MySQLi\Connection->execute()
#2 C:\Program Files\Ampps\www\gghv_cosmetic\vendor\codeigniter4\framework\system\Database\BaseConnection.php(606): CodeIgniter\Database\BaseConnection->simpleQuery()
#3 C:\Program Files\Ampps\www\gghv_cosmetic\vendor\codeigniter4\framework\system\Database\BaseBuilder.php(1616): CodeIgniter\Database\BaseConnection->query()
#4 C:\Program Files\Ampps\www\gghv_cosmetic\vendor\codeigniter4\framework\system\Model.php(241): CodeIgniter\Database\BaseBuilder->get()
#5 C:\Program Files\Ampps\www\gghv_cosmetic\vendor\codeigniter4\framework\system\BaseModel.php(618): CodeIgniter\Model->doFindAll()
#6 C:\Program Files\Ampps\www\gghv_cosmetic\app\Models\NewsModel.php(17): CodeIgniter\BaseModel->findAll()
#7 C:\Program Files\Ampps\www\gghv_cosmetic\app\Controllers\Home.php(12): App\Models\NewsModel->getNews()
#8 C:\Program Files\Ampps\www\gghv_cosmetic\vendor\codeigniter4\framework\system\CodeIgniter.php(934): App\Controllers\Home->index()
#9 C:\Program Files\Ampps\www\gghv_cosmetic\vendor\codeigniter4\framework\system\CodeIgniter.php(499): CodeIgniter\CodeIgniter->runController()
#10 C:\Program Files\Ampps\www\gghv_cosmetic\vendor\codeigniter4\framework\system\CodeIgniter.php(368): CodeIgniter\CodeIgniter->handleRequest()
#11 C:\Program Files\Ampps\www\gghv_cosmetic\public\index.php(67): CodeIgniter\CodeIgniter->run()
#12 {main}
CRITICAL - 2023-06-09 12:16:20 --> Table 'gghv_cosmestic.news' doesn't exist
in SYSTEMPATH\Database\MySQLi\Connection.php on line 295.
 1 SYSTEMPATH\Database\MySQLi\Connection.php(295): mysqli->query()
 2 SYSTEMPATH\Database\BaseConnection.php(692): CodeIgniter\Database\MySQLi\Connection->execute()
 3 SYSTEMPATH\Database\BaseConnection.php(606): CodeIgniter\Database\BaseConnection->simpleQuery()
 4 SYSTEMPATH\Database\BaseBuilder.php(1616): CodeIgniter\Database\BaseConnection->query()
 5 SYSTEMPATH\Model.php(241): CodeIgniter\Database\BaseBuilder->get()
 6 SYSTEMPATH\BaseModel.php(618): CodeIgniter\Model->doFindAll()
 7 APPPATH\Models\NewsModel.php(17): CodeIgniter\BaseModel->findAll()
 8 APPPATH\Controllers\Home.php(12): App\Models\NewsModel->getNews()
 9 SYSTEMPATH\CodeIgniter.php(934): App\Controllers\Home->index()
10 SYSTEMPATH\CodeIgniter.php(499): CodeIgniter\CodeIgniter->runController()
11 SYSTEMPATH\CodeIgniter.php(368): CodeIgniter\CodeIgniter->handleRequest()
12 FCPATH\index.php(67): CodeIgniter\CodeIgniter->run()
ERROR - 2023-06-09 12:16:21 --> mysqli_sql_exception: Table 'gghv_cosmestic.news' doesn't exist in C:\Program Files\Ampps\www\gghv_cosmetic\vendor\codeigniter4\framework\system\Database\MySQLi\Connection.php:295
Stack trace:
#0 C:\Program Files\Ampps\www\gghv_cosmetic\vendor\codeigniter4\framework\system\Database\MySQLi\Connection.php(295): mysqli->query()
#1 C:\Program Files\Ampps\www\gghv_cosmetic\vendor\codeigniter4\framework\system\Database\BaseConnection.php(692): CodeIgniter\Database\MySQLi\Connection->execute()
#2 C:\Program Files\Ampps\www\gghv_cosmetic\vendor\codeigniter4\framework\system\Database\BaseConnection.php(606): CodeIgniter\Database\BaseConnection->simpleQuery()
#3 C:\Program Files\Ampps\www\gghv_cosmetic\vendor\codeigniter4\framework\system\Database\BaseBuilder.php(1616): CodeIgniter\Database\BaseConnection->query()
#4 C:\Program Files\Ampps\www\gghv_cosmetic\vendor\codeigniter4\framework\system\Model.php(241): CodeIgniter\Database\BaseBuilder->get()
#5 C:\Program Files\Ampps\www\gghv_cosmetic\vendor\codeigniter4\framework\system\BaseModel.php(618): CodeIgniter\Model->doFindAll()
#6 C:\Program Files\Ampps\www\gghv_cosmetic\app\Models\NewsModel.php(17): CodeIgniter\BaseModel->findAll()
#7 C:\Program Files\Ampps\www\gghv_cosmetic\app\Controllers\Home.php(12): App\Models\NewsModel->getNews()
#8 C:\Program Files\Ampps\www\gghv_cosmetic\vendor\codeigniter4\framework\system\CodeIgniter.php(934): App\Controllers\Home->index()
#9 C:\Program Files\Ampps\www\gghv_cosmetic\vendor\codeigniter4\framework\system\CodeIgniter.php(499): CodeIgniter\CodeIgniter->runController()
#10 C:\Program Files\Ampps\www\gghv_cosmetic\vendor\codeigniter4\framework\system\CodeIgniter.php(368): CodeIgniter\CodeIgniter->handleRequest()
#11 C:\Program Files\Ampps\www\gghv_cosmetic\public\index.php(67): CodeIgniter\CodeIgniter->run()
#12 {main}
CRITICAL - 2023-06-09 12:16:21 --> Table 'gghv_cosmestic.news' doesn't exist
in SYSTEMPATH\Database\MySQLi\Connection.php on line 295.
 1 SYSTEMPATH\Database\MySQLi\Connection.php(295): mysqli->query()
 2 SYSTEMPATH\Database\BaseConnection.php(692): CodeIgniter\Database\MySQLi\Connection->execute()
 3 SYSTEMPATH\Database\BaseConnection.php(606): CodeIgniter\Database\BaseConnection->simpleQuery()
 4 SYSTEMPATH\Database\BaseBuilder.php(1616): CodeIgniter\Database\BaseConnection->query()
 5 SYSTEMPATH\Model.php(241): CodeIgniter\Database\BaseBuilder->get()
 6 SYSTEMPATH\BaseModel.php(618): CodeIgniter\Model->doFindAll()
 7 APPPATH\Models\NewsModel.php(17): CodeIgniter\BaseModel->findAll()
 8 APPPATH\Controllers\Home.php(12): App\Models\NewsModel->getNews()
 9 SYSTEMPATH\CodeIgniter.php(934): App\Controllers\Home->index()
10 SYSTEMPATH\CodeIgniter.php(499): CodeIgniter\CodeIgniter->runController()
11 SYSTEMPATH\CodeIgniter.php(368): CodeIgniter\CodeIgniter->handleRequest()
12 FCPATH\index.php(67): CodeIgniter\CodeIgniter->run()
